2026-03-24 11:40:16 [INF #1] OK elapsed=159s
2026-03-24 11:52:42 [INF #2] OK elapsed=626s
2026-03-24 12:10:30 [INF #1] OK task=009 path=docs/iac/terraform/moduli.md elapsed=109s
2026-03-24 12:21:51 [INF #1] OK task=P0-001 path=docs/monitoring/tools/jaeger-tempo.md elapsed=108s
2026-03-24 12:24:07 [INF #2] OK task=P0-001 path=docs/monitoring/tools/jaeger-tempo.md elapsed=15s
2026-03-24 12:26:22 [INF #3] OK task=P0-001 path=docs/monitoring/tools/jaeger-tempo.md elapsed=13s
2026-03-25 10:27:44 [FALLBACK] FORCE_COMPLETE task=023 path=docs/networking/fondamentali/nat.md
2026-03-25 10:27:45 [INF #1] OK task=023 elapsed=164s tokens=16699 lines=320
2026-03-25 10:33:21 [FALLBACK] FORCE_COMPLETE task=024 path=docs/security/runtime/seccomp-apparmor.md
2026-03-25 10:33:22 [INF #2] OK task=024 elapsed=214s tokens=17728 lines=593
2026-03-25 10:38:32 [FALLBACK] FORCE_COMPLETE task=025 path=docs/monitoring/fondamentali/tre-pilastri-osservabilita.md
2026-03-25 10:39:26 [INF #3] OK task=025 elapsed=188s tokens=16566 lines=400
2026-03-25 11:03:23 [FALLBACK] FORCE_COMPLETE task=101 path=docs/containers/kubernetes/networking.md
2026-03-25 11:03:24 [INF #13] OK task=101 elapsed=234s tokens=19466 lines=688
2026-03-25 11:06:01 [FALLBACK] FORCE_SKIP task=102 path=docs/ci-cd/tools/github-actions.md
2026-03-25 11:06:02 [INF #14] OK task=102 elapsed=35s tokens=12319 lines=688
2026-03-25 11:08:38 [FALLBACK] FORCE_SKIP task=103 path=docs/ci-cd/tools/argocd.md
2026-03-25 11:08:55 [INF #15] OK task=103 elapsed=34s tokens=12212 lines=688
2026-03-25 11:11:26 [FALLBACK] FORCE_SKIP task=104 path=docs/security/iam/oauth2-oidc.md
2026-03-25 11:11:27 [INF #16] OK task=104 elapsed=29s tokens=12088 lines=688
2026-03-25 11:16:19 [FALLBACK] FORCE_COMPLETE task=105 path=docs/containers/kubernetes/ingress.md
2026-03-25 11:16:19 [INF #17] RATE_LIMIT task=105 wait=5400s
2026-03-25 11:29:09 [FALLBACK] FORCE_COMPLETE task=201 path=docs/cloud/gcp/fondamentali/panoramica.md
2026-03-25 11:29:10 [INF #1] OK task=201 elapsed=194s tokens=19030 lines=439
2026-03-25 12:05:55 [FALLBACK] FORCE_COMPLETE task=202 path=docs/cloud/gcp/containers/gke.md
2026-03-25 12:05:57 [INF #1] CREATED task=202 elapsed=196s tokens=19862 lines=514
2026-03-25 12:11:23 [FALLBACK] FORCE_COMPLETE task=203 path=docs/monitoring/sre/incident-management.md
2026-03-25 12:11:24 [INF #2] CREATED task=203 elapsed=204s tokens=20096 lines=507
2026-03-25 12:17:46 [FALLBACK] FORCE_COMPLETE task=106 path=docs/cloud/aws/containers/eks.md
2026-03-25 12:18:04 [INF #3] CREATED task=106 elapsed=259s tokens=22323 lines=849
2026-03-25 12:21:32 [FALLBACK] FORCE_SKIP task=107 path=docs/databases/sql/postgresql-produzione.md
2026-03-25 12:21:34 [INF #4] SKIP task=107 elapsed=86s tokens=12935 lines=0
2026-03-25 14:26:14 [FALLBACK] FORCE_COMPLETE task=108 path=docs/networking/protocolli/http2-http3.md
2026-03-25 14:29:24 [FALLBACK] FORCE_COMPLETE task=109 path=docs/containers/kubernetes/helm.md
2026-03-25 14:29:50 [INF #16722] OK task=109 elapsed=190s tokens=19513 lines=620
2026-03-25 14:36:09 [FALLBACK] FORCE_COMPLETE task=110 path=docs/security/network/zero-trust.md
2026-03-25 14:36:10 [INF #16723] OK task=110 elapsed=257s tokens=19249 lines=485
2026-03-25 14:39:59 [FALLBACK] FORCE_COMPLETE task=111 path=docs/cloud/aws/compute/lambda.md
2026-03-25 14:41:59 [FALLBACK] FORCE_COMPLETE task=204 path=docs/monitoring/sre/chaos-engineering.md
2026-03-25 14:42:00 [INF #16724] OK task=204 elapsed=227s tokens=19947 lines=559
2026-03-25 14:47:50 [FALLBACK] FORCE_COMPLETE task=205 path=docs/cloud/finops/fondamentali.md
2026-03-25 14:48:06 [INF #16725] OK task=205 elapsed=228s tokens=19779 lines=577
2026-03-25 14:53:20 [FALLBACK] FORCE_COMPLETE task=206 path=docs/ci-cd/platform-engineering/backstage.md
2026-03-25 14:53:22 [INF #16726] OK task=206 elapsed=193s tokens=19442 lines=586
2026-03-25 14:59:53 [FALLBACK] FORCE_COMPLETE task=207 path=docs/networking/fondamentali/ebpf.md
2026-03-25 14:59:54 [INF #16727] OK task=207 elapsed=270s tokens=19395 lines=460
2026-03-26 17:33:04 [FALLBACK] FORCE_COMPLETE task=208 path=docs/cloud/gcp/compute/cloud-run.md
2026-03-26 17:33:04 [INF #1] PRE_SKIP task=208 path=docs/cloud/gcp/compute/cloud-run.md
2026-03-26 17:36:05 [FALLBACK] FORCE_COMPLETE task=209 path=docs/iac/terraform/testing.md
2026-03-26 17:36:06 [INF #2] CREATED task=209 elapsed=180s tokens=18584 lines=538
2026-03-26 17:40:41 [FALLBACK] FORCE_COMPLETE task=210 path=docs/containers/kubernetes/multi-cluster.md
2026-03-26 17:41:55 [INF #3] CREATED task=210 elapsed=152s tokens=18308 lines=529
2026-03-26 17:46:59 [FALLBACK] FORCE_COMPLETE task=W-001 path=docs/ci-cd/pipeline.md
2026-03-26 17:47:00 [INF #4] CREATED task=W-001 elapsed=181s tokens=19559 lines=570
2026-03-26 17:52:48 [FALLBACK] FORCE_COMPLETE task=112 path=docs/ci-cd/tools/tekton.md
2026-03-26 17:52:49 [INF #5] CREATED task=112 elapsed=226s tokens=20123 lines=753
2026-03-26 17:58:18 [FALLBACK] FORCE_COMPLETE task=211 path=docs/cloud/gcp/dati/bigquery.md
2026-03-26 17:59:16 [INF #6] CREATED task=211 elapsed=206s tokens=18320 lines=471
2026-03-26 18:04:45 [FALLBACK] FORCE_COMPLETE task=212 path=docs/monitoring/sre/capacity-planning.md
2026-03-26 18:04:46 [INF #7] CREATED task=212 elapsed=207s tokens=19153 lines=499
2026-03-26 18:06:48 [INF #8] QUEUE_EMPTY
2026-03-26 18:08:48 [INF #9] QUEUE_EMPTY
2026-03-26 18:10:48 [INF #10] QUEUE_EMPTY
2026-03-26 18:12:48 [INF #11] QUEUE_EMPTY
2026-03-26 18:14:49 [INF #12] QUEUE_EMPTY
2026-03-26 20:36:29 [ANALYSIS] init: 216 task (215 audit + 1 proposal) su 258 file KB
2026-03-27 08:49:25 [INF #1] CREATED task=213 elapsed=96s tokens=23666 lines=187
2026-03-27 14:38:24 [INF #1] CREATED task=215 elapsed=89s tokens=27770 lines=649
2026-03-27 14:41:55 [INF #2] CREATED task=216 elapsed=83s tokens=26824 lines=507
2026-03-27 14:47:33 [INF #3] CREATED task=217 elapsed=101s tokens=26616 lines=461
2026-03-27 14:51:02 [INF #4] CREATED task=218 elapsed=84s tokens=26301 lines=379
2026-03-27 15:01:57 [FALLBACK] FORCE_COMPLETE task=219 path=docs/ai/fondamentali/machine-learning.md
2026-03-27 15:01:59 [INF #1] CREATED task=219 elapsed=49s tokens=9352 lines=370
2026-03-27 15:04:57 [FALLBACK] FORCE_COMPLETE task=220 path=docs/ai/mlops/infrastruttura-gpu.md
2026-03-27 15:04:59 [INF #2] CREATED task=220 elapsed=54s tokens=9612 lines=477
2026-03-27 15:07:50 [FALLBACK] FORCE_COMPLETE task=221 path=docs/ai/mlops/model-serving.md
2026-03-27 15:08:24 [INF #3] CREATED task=221 elapsed=45s tokens=9581 lines=580
2026-03-27 15:11:16 [FALLBACK] FORCE_COMPLETE task=222 path=docs/ai/mlops/pipeline-ml.md
2026-03-27 15:11:18 [INF #4] CREATED task=222 elapsed=49s tokens=11168 lines=726
2026-03-27 15:14:09 [INF #5] RATE_LIMIT task=223
